<?xml version="1.0" encoding="UTF-8"?>
<testng-results ignored="0" total="6" passed="6" failed="0" skipped="0">
  <reporter-output>
  </reporter-output>
  <suite started-at="2026-01-27T12:06:03 IST" name="Default suite" finished-at="2026-01-27T12:06:05 IST" duration-ms="1399">
    <groups>
      <group name="cucumber">
        <method signature="AbstractTestNGCucumberTests.runScenario(io.cucumber.testng.PickleWrapper,io.cucumber.testng.FeatureWrapper)[pri:0, instance:com.bddelements.framework.Runnerfile@49f5c307]" name="runScenario" class="io.cucumber.testng.AbstractTestNGCucumberTests"/>
      </group> <!-- cucumber -->
    </groups>
    <test started-at="2026-01-27T12:06:03 IST" name="Default test" finished-at="2026-01-27T12:06:05 IST" duration-ms="1399">
      <class name="com.bddelements.framework.Runnerfile">
        <test-method is-config="true" signature="setUpClass()[pri:0, instance:com.bddelements.framework.Runnerfile@49f5c307]" started-at="2026-01-27T12:06:03 IST" name="setUpClass" finished-at="2026-01-27T12:06:04 IST" duration-ms="874" status="PASS">
          <reporter-output>
          </reporter-output>
        </test-method> <!-- setUpClass -->
        <test-method signature="runScenario(io.cucumber.testng.PickleWrapper,io.cucumber.testng.FeatureWrapper)[pri:0, instance:com.bddelements.framework.Runnerfile@49f5c307]" started-at="2026-01-27T12:06:04 IST" name="runScenario" description="Runs Cucumber Scenarios" data-provider="scenarios" finished-at="2026-01-27T12:06:05 IST" duration-ms="222" status="PASS">
          <params>
            <param index="0">
              <value>
                <![CDATA["Login form validation"]]>
              </value>
            </param>
            <param index="1">
              <value>
                <![CDATA["Optional[User Login Update Status]"]]>
              </value>
            </param>
          </params>
          <reporter-output>
          </reporter-output>
        </test-method> <!-- runScenario -->
        <test-method signature="runScenario(io.cucumber.testng.PickleWrapper,io.cucumber.testng.FeatureWrapper)[pri:0, instance:com.bddelements.framework.Runnerfile@49f5c307]" started-at="2026-01-27T12:06:05 IST" name="runScenario" description="Runs Cucumber Scenarios" data-provider="scenarios" finished-at="2026-01-27T12:06:05 IST" duration-ms="19" status="PASS">
          <params>
            <param index="0">
              <value>
                <![CDATA["Login form validation"]]>
              </value>
            </param>
            <param index="1">
              <value>
                <![CDATA["Optional[User Login Update Status]"]]>
              </value>
            </param>
          </params>
          <reporter-output>
          </reporter-output>
        </test-method> <!-- runScenario -->
        <test-method signature="runScenario(io.cucumber.testng.PickleWrapper,io.cucumber.testng.FeatureWrapper)[pri:0, instance:com.bddelements.framework.Runnerfile@49f5c307]" started-at="2026-01-27T12:06:05 IST" name="runScenario" description="Runs Cucumber Scenarios" data-provider="scenarios" finished-at="2026-01-27T12:06:05 IST" duration-ms="16" status="PASS">
          <params>
            <param index="0">
              <value>
                <![CDATA["Login form validation"]]>
              </value>
            </param>
            <param index="1">
              <value>
                <![CDATA["Optional[User Login Update Status]"]]>
              </value>
            </param>
          </params>
          <reporter-output>
          </reporter-output>
        </test-method> <!-- runScenario -->
        <test-method signature="runScenario(io.cucumber.testng.PickleWrapper,io.cucumber.testng.FeatureWrapper)[pri:0, instance:com.bddelements.framework.Runnerfile@49f5c307]" started-at="2026-01-27T12:06:05 IST" name="runScenario" description="Runs Cucumber Scenarios" data-provider="scenarios" finished-at="2026-01-27T12:06:05 IST" duration-ms="31" status="PASS">
          <params>
            <param index="0">
              <value>
                <![CDATA["Title of your scenario outline"]]>
              </value>
            </param>
            <param index="1">
              <value>
                <![CDATA["Optional[To test the basic calculator]"]]>
              </value>
            </param>
          </params>
          <reporter-output>
          </reporter-output>
        </test-method> <!-- runScenario -->
        <test-method signature="runScenario(io.cucumber.testng.PickleWrapper,io.cucumber.testng.FeatureWrapper)[pri:0, instance:com.bddelements.framework.Runnerfile@49f5c307]" started-at="2026-01-27T12:06:05 IST" name="runScenario" description="Runs Cucumber Scenarios" data-provider="scenarios" finished-at="2026-01-27T12:06:05 IST" duration-ms="13" status="PASS">
          <params>
            <param index="0">
              <value>
                <![CDATA["Title of your scenario outline"]]>
              </value>
            </param>
            <param index="1">
              <value>
                <![CDATA["Optional[To test the basic calculator]"]]>
              </value>
            </param>
          </params>
          <reporter-output>
          </reporter-output>
        </test-method> <!-- runScenario -->
        <test-method signature="runScenario(io.cucumber.testng.PickleWrapper,io.cucumber.testng.FeatureWrapper)[pri:0, instance:com.bddelements.framework.Runnerfile@49f5c307]" started-at="2026-01-27T12:06:05 IST" name="runScenario" description="Runs Cucumber Scenarios" data-provider="scenarios" finished-at="2026-01-27T12:06:05 IST" duration-ms="11" status="PASS">
          <params>
            <param index="0">
              <value>
                <![CDATA["Title of your scenario"]]>
              </value>
            </param>
            <param index="1">
              <value>
                <![CDATA["Optional[Title of your feature]"]]>
              </value>
            </param>
          </params>
          <reporter-output>
          </reporter-output>
        </test-method> <!-- runScenario -->
        <test-method is-config="true" signature="tearDownClass()[pri:0, instance:com.bddelements.framework.Runnerfile@49f5c307]" started-at="2026-01-27T12:06:05 IST" name="tearDownClass" finished-at="2026-01-27T12:06:05 IST" duration-ms="135" status="PASS">
          <reporter-output>
          </reporter-output>
        </test-method> <!-- tearDownClass -->
      </class> <!-- com.bddelements.framework.Runnerfile -->
    </test> <!-- Default test -->
  </suite> <!-- Default suite -->
</testng-results>
