<?xml version="1.0" encoding="UTF-8"?>
<testng-results ignored="0" total="3" passed="3" failed="0" skipped="0">
  <reporter-output>
  </reporter-output>
  <suite started-at="2026-01-27T12:36:14 IST" name="Default suite" finished-at="2026-01-27T12:36:14 IST" duration-ms="697">
    <groups>
      <group name="cucumber">
        <method signature="AbstractTestNGCucumberTests.runScenario(io.cucumber.testng.PickleWrapper,io.cucumber.testng.FeatureWrapper)[pri:0, instance:cucumberRunnerFile.Runnerfile@1c1bbc4e]" name="runScenario" class="io.cucumber.testng.AbstractTestNGCucumberTests"/>
      </group> <!-- cucumber -->
    </groups>
    <test started-at="2026-01-27T12:36:14 IST" name="Default test" finished-at="2026-01-27T12:36:14 IST" duration-ms="697">
      <class name="cucumberRunnerFile.Runnerfile">
        <test-method is-config="true" signature="setUpClass()[pri:0, instance:cucumberRunnerFile.Runnerfile@1c1bbc4e]" started-at="2026-01-27T12:36:14 IST" name="setUpClass" finished-at="2026-01-27T12:36:14 IST" duration-ms="332" status="PASS">
          <reporter-output>
          </reporter-output>
        </test-method> <!-- setUpClass -->
        <test-method signature="runScenario(io.cucumber.testng.PickleWrapper,io.cucumber.testng.FeatureWrapper)[pri:0, instance:cucumberRunnerFile.Runnerfile@1c1bbc4e]" started-at="2026-01-27T12:36:14 IST" name="runScenario" description="Runs Cucumber Scenarios" data-provider="scenarios" finished-at="2026-01-27T12:36:14 IST" duration-ms="143" status="PASS">
          <params>
            <param index="0">
              <value>
                <![CDATA["Login form validation"]]>
              </value>
            </param>
            <param index="1">
              <value>
                <![CDATA["Optional[User Login Update Status]"]]>
              </value>
            </param>
          </params>
          <reporter-output>
          </reporter-output>
        </test-method> <!-- runScenario -->
        <test-method signature="runScenario(io.cucumber.testng.PickleWrapper,io.cucumber.testng.FeatureWrapper)[pri:0, instance:cucumberRunnerFile.Runnerfile@1c1bbc4e]" started-at="2026-01-27T12:36:14 IST" name="runScenario" description="Runs Cucumber Scenarios" data-provider="scenarios" finished-at="2026-01-27T12:36:14 IST" duration-ms="13" status="PASS">
          <params>
            <param index="0">
              <value>
                <![CDATA["Login form validation"]]>
              </value>
            </param>
            <param index="1">
              <value>
                <![CDATA["Optional[User Login Update Status]"]]>
              </value>
            </param>
          </params>
          <reporter-output>
          </reporter-output>
        </test-method> <!-- runScenario -->
        <test-method signature="runScenario(io.cucumber.testng.PickleWrapper,io.cucumber.testng.FeatureWrapper)[pri:0, instance:cucumberRunnerFile.Runnerfile@1c1bbc4e]" started-at="2026-01-27T12:36:14 IST" name="runScenario" description="Runs Cucumber Scenarios" data-provider="scenarios" finished-at="2026-01-27T12:36:14 IST" duration-ms="15" status="PASS">
          <params>
            <param index="0">
              <value>
                <![CDATA["Login form validation"]]>
              </value>
            </param>
            <param index="1">
              <value>
                <![CDATA["Optional[User Login Update Status]"]]>
              </value>
            </param>
          </params>
          <reporter-output>
          </reporter-output>
        </test-method> <!-- runScenario -->
        <test-method is-config="true" signature="tearDownClass()[pri:0, instance:cucumberRunnerFile.Runnerfile@1c1bbc4e]" started-at="2026-01-27T12:36:14 IST" name="tearDownClass" finished-at="2026-01-27T12:36:14 IST" duration-ms="158" status="PASS">
          <reporter-output>
          </reporter-output>
        </test-method> <!-- tearDownClass -->
      </class> <!-- cucumberRunnerFile.Runnerfile -->
    </test> <!-- Default test -->
  </suite> <!-- Default suite -->
</testng-results>
