<?xml version="1.0" encoding="UTF-8"?>
<!-- Generated by org.testng.reporters.JUnitReportReporter -->
<testsuite hostname="TMPPUN05GTR1613" failures="0" tests="3" name="cucumberRunnerFile.Runnerfile" time="0.171" errors="0" timestamp="2026-01-27T12:36:15 IST" skipped="0">
  <testcase classname="cucumberRunnerFile.Runnerfile" name="runScenario" time="0.013"/>
  <testcase classname="cucumberRunnerFile.Runnerfile" name="runScenario" time="0.015"/>
  <testcase classname="cucumberRunnerFile.Runnerfile" name="runScenario" time="0.143"/>
</testsuite> <!-- cucumberRunnerFile.Runnerfile -->
