<?xml version="1.0" encoding="UTF-8"?>
<testng-results ignored="0" total="1" passed="1" failed="0" skipped="0">
  <reporter-output>
  </reporter-output>
  <suite started-at="2026-01-21T12:13:54 IST" name="Default suite" finished-at="2026-01-21T12:13:55 IST" duration-ms="1396">
    <groups>
    </groups>
    <test started-at="2026-01-21T12:13:54 IST" name="Default test" finished-at="2026-01-21T12:13:55 IST" duration-ms="1396">
      <class name="ExcelReadAccess.TR_Auomatiom">
        <test-method signature="SearchStringPass_Goggle()[pri:0, instance:ExcelReadAccess.TR_Auomatiom@61ce23ac]" started-at="2026-01-21T12:13:54 IST" name="SearchStringPass_Goggle" finished-at="2026-01-21T12:13:55 IST" duration-ms="1360" status="PASS">
          <reporter-output>
          </reporter-output>
        </test-method> <!-- SearchStringPass_Goggle -->
      </class> <!-- ExcelReadAccess.TR_Auomatiom -->
    </test> <!-- Default test -->
  </suite> <!-- Default suite -->
</testng-results>
