<?xml version="1.0" encoding="UTF-8"?>
<!-- Generated by org.testng.reporters.JUnitReportReporter -->
<testsuite hostname="TMPPUN05GTR1613" failures="0" tests="6" name="com.bddelements.framework.Runnerfile" time="0.312" errors="0" timestamp="2026-01-27T12:06:05 IST" skipped="0">
  <testcase classname="com.bddelements.framework.Runnerfile" name="runScenario" time="0.016"/>
  <testcase classname="com.bddelements.framework.Runnerfile" name="runScenario" time="0.011"/>
  <testcase classname="com.bddelements.framework.Runnerfile" name="runScenario" time="0.222"/>
  <testcase classname="com.bddelements.framework.Runnerfile" name="runScenario" time="0.013"/>
  <testcase classname="com.bddelements.framework.Runnerfile" name="runScenario" time="0.031"/>
  <testcase classname="com.bddelements.framework.Runnerfile" name="runScenario" time="0.019"/>
</testsuite> <!-- com.bddelements.framework.Runnerfile -->
