<?xml version="1.0" encoding="UTF-8"?>
<testng-results ignored="0" total="1" passed="1" failed="0" skipped="0">
  <reporter-output>
  </reporter-output>
  <suite started-at="2026-01-29T10:53:33 IST" name="Default suite" finished-at="2026-01-29T10:54:50 IST" duration-ms="77316">
    <groups>
      <group name="cucumber">
        <method signature="AbstractTestNGCucumberTests.runScenario(io.cucumber.testng.PickleWrapper,io.cucumber.testng.FeatureWrapper)[pri:0, instance:PacRunnerFile.RunnerFile@68567e20]" name="runScenario" class="io.cucumber.testng.AbstractTestNGCucumberTests"/>
      </group> <!-- cucumber -->
    </groups>
    <test started-at="2026-01-29T10:53:33 IST" name="Default test" finished-at="2026-01-29T10:54:50 IST" duration-ms="77316">
      <class name="PacRunnerFile.RunnerFile">
        <test-method is-config="true" signature="setUpClass()[pri:0, instance:PacRunnerFile.RunnerFile@68567e20]" started-at="2026-01-29T10:53:33 IST" name="setUpClass" finished-at="2026-01-29T10:53:33 IST" duration-ms="298" status="PASS">
          <reporter-output>
          </reporter-output>
        </test-method> <!-- setUpClass -->
        <test-method signature="runScenario(io.cucumber.testng.PickleWrapper,io.cucumber.testng.FeatureWrapper)[pri:0, instance:PacRunnerFile.RunnerFile@68567e20]" started-at="2026-01-29T10:53:33 IST" name="runScenario" description="Runs Cucumber Scenarios" data-provider="scenarios" finished-at="2026-01-29T10:54:50 IST" duration-ms="76724" status="PASS">
          <params>
            <param index="0">
              <value>
                <![CDATA["Validate signup using Excel data"]]>
              </value>
            </param>
            <param index="1">
              <value>
                <![CDATA["Optional[To perform SignUp]"]]>
              </value>
            </param>
          </params>
          <reporter-output>
          </reporter-output>
        </test-method> <!-- runScenario -->
        <test-method is-config="true" signature="tearDownClass()[pri:0, instance:PacRunnerFile.RunnerFile@68567e20]" started-at="2026-01-29T10:54:50 IST" name="tearDownClass" finished-at="2026-01-29T10:54:50 IST" duration-ms="256" status="PASS">
          <reporter-output>
          </reporter-output>
        </test-method> <!-- tearDownClass -->
      </class> <!-- PacRunnerFile.RunnerFile -->
    </test> <!-- Default test -->
  </suite> <!-- Default suite -->
</testng-results>
